TRACE:notmain:put a jumper from pin 19 to pin 15 (rx)
TRACE:notmain:yea!: sent h, got h
TRACE:notmain:yea!: sent e, got e
TRACE:notmain:yea!: sent l, got l
TRACE:notmain:yea!: sent l, got l
TRACE:notmain:yea!: sent o, got o
TRACE:notmain:yea!: sent  , got  
TRACE:notmain:yea!: sent t, got t
TRACE:notmain:yea!: sent h, got h
TRACE:notmain:yea!: sent i, got i
TRACE:notmain:yea!: sent s, got s
TRACE:notmain:yea!: sent  , got  
TRACE:notmain:yea!: sent i, got i
TRACE:notmain:yea!: sent s, got s
TRACE:notmain:yea!: sent  , got  
TRACE:notmain:yea!: sent u, got u
TRACE:notmain:yea!: sent s, got s
TRACE:notmain:yea!: sent  , got  
TRACE:notmain:yea!: sent d, got d
TRACE:notmain:yea!: sent o, got o
TRACE:notmain:yea!: sent i, got i
TRACE:notmain:yea!: sent n, got n
TRACE:notmain:yea!: sent g, got g
TRACE:notmain:yea!: sent  , got  
TRACE:notmain:yea!: sent l, got l
TRACE:notmain:yea!: sent o, got o
TRACE:notmain:yea!: sent o, got o
TRACE:notmain:yea!: sent p, got p
TRACE:notmain:yea!: sent b, got b
TRACE:notmain:yea!: sent a, got a
TRACE:notmain:yea!: sent c, got c
TRACE:notmain:yea!: sent k, got k
TRACE:notmain:yea!: sent 
TRACE:notmain:all done!
